<?xml version="1.0" encoding="UTF-8"?>
<testsuite name="com.test.theme.ExampleUnitTest" tests="1" skipped="0" failures="0" errors="0" timestamp="2018-05-10T03:50:49" hostname="huangxiweideAir.lan" time="0.001">
  <properties/>
  <testcase name="addition_isCorrect" classname="com.test.theme.ExampleUnitTest" time="0.001"/>
  <system-out><![CDATA[]]></system-out>
  <system-err><![CDATA[]]></system-err>
</testsuite>
